<?xml version="1.0" encoding="UTF-8"?>
<testng-results skipped="0" failed="1" ignored="1" total="2" passed="0">
  <reporter-output>
  </reporter-output>
  <suite name="Default suite" duration-ms="65143" started-at="2019-07-30T05:09:36Z" finished-at="2019-07-30T05:10:42Z">
    <groups>
    </groups>
    <test name="Default test" duration-ms="65143" started-at="2019-07-30T05:09:36Z" finished-at="2019-07-30T05:10:42Z">
      <class name="com.ETSProject.tests.ETSUserRegistration">
        <test-method status="PASS" signature="launchBrowser(org.testng.ITestContext)[pri:0, instance:com.ETSProject.tests.ETSUserRegistration@1553d26]" name="launchBrowser" is-config="true" duration-ms="35649" started-at="2019-07-30T05:09:36Z" finished-at="2019-07-30T05:10:12Z">
          <params>
            <param index="0">
              <value>
                <![CDATA[org.testng.TestRunner@4820b7]]>
              </value>
            </param>
          </params>
          <reporter-output>
          </reporter-output>
        </test-method> <!-- launchBrowser -->
        <test-method status="FAIL" signature="LoginPagelevelvalidations(java.lang.String, java.lang.String, java.lang.String, java.lang.String)[pri:1, instance:com.ETSProject.tests.ETSUserRegistration@1553d26]" name="LoginPagelevelvalidations" duration-ms="29210" started-at="2019-07-30T05:10:12Z" data-provider="TestdataSupply" finished-at="2019-07-30T05:10:41Z">
          <exception class="org.testng.internal.reflect.MethodMatcherException">
            <message>
              <![CDATA[
Data provider mismatch
Method: LoginPagelevelvalidations([Parameter{index=0, type=java.lang.String, declaredAnnotations=[]}, Parameter{index=1, type=java.lang.String, declaredAnnotations=[]}, Parameter{index=2, type=java.lang.String, declaredAnnotations=[]}, Parameter{index=3, type=java.lang.String, declaredAnnotations=[]}])
Arguments: [(java.lang.String) John,(java.lang.String) Lee,(java.lang.String) sasi77@gmail.com,(java.lang.String) 1234.0,(java.lang.String) 7.894561235E9,(java.lang.String) Narayana]]]>
            </message>
            <full-stacktrace>
              <![CDATA[org.testng.internal.reflect.MethodMatcherException: 
Data provider mismatch
Method: LoginPagelevelvalidations([Parameter{index=0, type=java.lang.String, declaredAnnotations=[]}, Parameter{index=1, type=java.lang.String, declaredAnnotations=[]}, Parameter{index=2, type=java.lang.String, declaredAnnotations=[]}, Parameter{index=3, type=java.lang.String, declaredAnnotations=[]}])
Arguments: [(java.lang.String) John,(java.lang.String) Lee,(java.lang.String) sasi77@gmail.com,(java.lang.String) 1234.0,(java.lang.String) 7.894561235E9,(java.lang.String) Narayana]
at org.testng.internal.reflect.DataProviderMethodMatcher.getConformingArguments(DataProviderMethodMatcher.java:45)
at org.testng.internal.Parameters.injectParameters(Parameters.java:796)
at org.testng.internal.Invoker.invokeTestMethods(Invoker.java:983)
at org.testng.internal.TestMethodWorker.invokeTestMethods(TestMethodWorker.java:125)
at org.testng.internal.TestMethodWorker.run(TestMethodWorker.java:109)
at org.testng.TestRunner.privateRun(TestRunner.java:648)
at org.testng.TestRunner.run(TestRunner.java:505)
at org.testng.SuiteRunner.runTest(SuiteRunner.java:455)
at org.testng.SuiteRunner.runSequentially(SuiteRunner.java:450)
at org.testng.SuiteRunner.privateRun(SuiteRunner.java:415)
at org.testng.SuiteRunner.run(SuiteRunner.java:364)
at org.testng.SuiteRunnerWorker.runSuite(SuiteRunnerWorker.java:52)
at org.testng.SuiteRunnerWorker.run(SuiteRunnerWorker.java:84)
at org.testng.TestNG.runSuitesSequentially(TestNG.java:1208)
at org.testng.TestNG.runSuitesLocally(TestNG.java:1137)
at org.testng.TestNG.runSuites(TestNG.java:1049)
at org.testng.TestNG.run(TestNG.java:1017)
at org.testng.remote.AbstractRemoteTestNG.run(AbstractRemoteTestNG.java:115)
at org.testng.remote.RemoteTestNG.initAndRun(RemoteTestNG.java:251)
at org.testng.remote.RemoteTestNG.main(RemoteTestNG.java:77)
]]>
            </full-stacktrace>
          </exception> <!-- org.testng.internal.reflect.MethodMatcherException -->
          <reporter-output>
          </reporter-output>
        </test-method> <!-- LoginPagelevelvalidations -->
      </class> <!-- com.ETSProject.tests.ETSUserRegistration -->
    </test> <!-- Default test -->
  </suite> <!-- Default suite -->
</testng-results>
